2025.02.25 16:55:45 INFO  Started: Metals version 1.5.1 in folders 'V:\Scala Assignment 5\Assignment 16' for client Visual Studio Code 1.97.2.
2025.02.25 16:55:46 INFO  no build target found for V:\Scala Assignment 5\Assignment 16\my16project\src\main\scala\Task1.scala. Using presentation compiler with project's scala-library version: 3.3.4
2025.02.25 16:55:48 WARN  Could not find semantic tokens for: file:///V:/Scala%20Assignment%205/Assignment%2016/my16project/src/main/scala/Task1.scala
2025.02.25 16:55:56 INFO  no build target found for V:\Scala Assignment 5\Assignment 16\my16project\src\main\scala\Task2.scala. Using presentation compiler with project's scala-library version: 3.3.4
2025.02.25 16:55:56 WARN  Could not find semantic tokens for: file:///V:/Scala%20Assignment%205/Assignment%2016/my16project/src/main/scala/Task2.scala
2025.02.25 16:56:08 INFO  no build target found for V:\Scala Assignment 5\Assignment 16\my16project\src\main\scala\Task3.scala. Using presentation compiler with project's scala-library version: 3.3.4
2025.02.25 16:56:08 WARN  Could not find semantic tokens for: file:///V:/Scala%20Assignment%205/Assignment%2016/my16project/src/main/scala/Task3.scala
Feb 25, 2025 4:56:11 PM org.eclipse.lsp4j.jsonrpc.services.GenericEndpoint notify
WARNING: Unsupported notification method: metals/windowStateDidChange
Feb 25, 2025 4:56:51 PM org.eclipse.lsp4j.jsonrpc.services.GenericEndpoint notify
WARNING: Unsupported notification method: metals/windowStateDidChange
2025.02.25 16:57:02 INFO  no build target found for V:\Scala Assignment 5\Assignment 16\my16project\src\main\scala\Task1.scala. Using presentation compiler with project's scala-library version: 3.3.4
2025.02.25 16:57:02 WARN  Could not find semantic tokens for: file:///V:/Scala%20Assignment%205/Assignment%2016/my16project/src/main/scala/Task1.scala
2025.02.25 16:57:15 INFO  no build target found for V:\Scala Assignment 5\Assignment 16\my16project\src\main\scala\Task1.scala. Using presentation compiler with project's scala-library version: 3.3.4
2025.02.25 16:57:15 INFO  no build target found for V:\Scala Assignment 5\Assignment 16\my16project\src\main\scala\Task1.scala. Using presentation compiler with project's scala-library version: 3.3.4
2025.02.25 16:57:17 WARN  no build target for: V:\Scala Assignment 5\Assignment 16\my16project\src\main\scala\Task1.scala
2025.02.25 16:57:17 INFO  no build target found for V:\Scala Assignment 5\Assignment 16\my16project\src\main\scala\Task1.scala. Using presentation compiler with project's scala-library version: 3.3.4
2025.02.25 16:57:17 INFO  no build target found for V:\Scala Assignment 5\Assignment 16\my16project\src\main\scala\Task1.scala. Using presentation compiler with project's scala-library version: 3.3.4
2025.02.25 16:57:18 INFO  no build target found for V:\Scala Assignment 5\Assignment 16\my16project\src\main\scala\Task1.scala. Using presentation compiler with project's scala-library version: 3.3.4
Feb 25, 2025 4:58:03 PM org.eclipse.lsp4j.jsonrpc.services.GenericEndpoint notify
WARNING: Unsupported notification method: metals/windowStateDidChange
Feb 25, 2025 4:58:50 PM org.eclipse.lsp4j.jsonrpc.services.GenericEndpoint notify
WARNING: Unsupported notification method: metals/windowStateDidChange
2025.02.25 16:58:51 INFO  no build target found for V:\Scala Assignment 5\Assignment 16\my16project\src\main\scala\Task2.scala. Using presentation compiler with project's scala-library version: 3.3.4
2025.02.25 16:58:51 WARN  Could not find semantic tokens for: file:///V:/Scala%20Assignment%205/Assignment%2016/my16project/src/main/scala/Task2.scala
Feb 25, 2025 4:58:55 PM org.eclipse.lsp4j.jsonrpc.services.GenericEndpoint notify
WARNING: Unsupported notification method: metals/windowStateDidChange
Feb 25, 2025 4:59:05 PM org.eclipse.lsp4j.jsonrpc.services.GenericEndpoint notify
WARNING: Unsupported notification method: metals/windowStateDidChange
Feb 25, 2025 4:59:59 PM org.eclipse.lsp4j.jsonrpc.services.GenericEndpoint notify
WARNING: Unsupported notification method: metals/windowStateDidChange
Feb 25, 2025 5:00:30 PM org.eclipse.lsp4j.jsonrpc.services.GenericEndpoint notify
WARNING: Unsupported notification method: metals/windowStateDidChange
Feb 25, 2025 5:01:56 PM org.eclipse.lsp4j.jsonrpc.services.GenericEndpoint notify
WARNING: Unsupported notification method: metals/windowStateDidChange
Feb 25, 2025 5:01:58 PM org.eclipse.lsp4j.jsonrpc.services.GenericEndpoint notify
WARNING: Unsupported notification method: metals/windowStateDidChange
Feb 25, 2025 5:03:08 PM org.eclipse.lsp4j.jsonrpc.services.GenericEndpoint notify
WARNING: Unsupported notification method: metals/windowStateDidChange
Feb 25, 2025 5:03:27 PM org.eclipse.lsp4j.jsonrpc.services.GenericEndpoint notify
WARNING: Unsupported notification method: metals/windowStateDidChange
Feb 25, 2025 5:15:12 PM org.eclipse.lsp4j.jsonrpc.services.GenericEndpoint notify
WARNING: Unsupported notification method: metals/windowStateDidChange
Feb 25, 2025 5:15:17 PM org.eclipse.lsp4j.jsonrpc.services.GenericEndpoint notify
WARNING: Unsupported notification method: metals/windowStateDidChange
2025.02.25 17:15:18 INFO  no build target found for V:\Scala Assignment 5\Assignment 16\my16project\src\main\scala\Task3.scala. Using presentation compiler with project's scala-library version: 3.3.4
2025.02.25 17:15:18 WARN  Could not find semantic tokens for: file:///V:/Scala%20Assignment%205/Assignment%2016/my16project/src/main/scala/Task3.scala
Feb 25, 2025 5:15:21 PM org.eclipse.lsp4j.jsonrpc.services.GenericEndpoint notify
WARNING: Unsupported notification method: metals/windowStateDidChange
Feb 25, 2025 5:15:27 PM org.eclipse.lsp4j.jsonrpc.services.GenericEndpoint notify
WARNING: Unsupported notification method: metals/windowStateDidChange
Feb 25, 2025 5:15:52 PM org.eclipse.lsp4j.jsonrpc.services.GenericEndpoint notify
WARNING: Unsupported notification method: metals/windowStateDidChange
Feb 25, 2025 5:15:58 PM org.eclipse.lsp4j.jsonrpc.services.GenericEndpoint notify
WARNING: Unsupported notification method: metals/windowStateDidChange
Feb 25, 2025 5:16:27 PM org.eclipse.lsp4j.jsonrpc.services.GenericEndpoint notify
WARNING: Unsupported notification method: metals/windowStateDidChange
Feb 25, 2025 5:16:57 PM org.eclipse.lsp4j.jsonrpc.services.GenericEndpoint notify
WARNING: Unsupported notification method: metals/windowStateDidChange
Feb 25, 2025 5:17:28 PM org.eclipse.lsp4j.jsonrpc.services.GenericEndpoint notify
WARNING: Unsupported notification method: metals/windowStateDidChange
Feb 25, 2025 5:17:30 PM org.eclipse.lsp4j.jsonrpc.services.GenericEndpoint notify
WARNING: Unsupported notification method: metals/windowStateDidChange
Feb 25, 2025 5:17:48 PM org.eclipse.lsp4j.jsonrpc.services.GenericEndpoint notify
WARNING: Unsupported notification method: metals/windowStateDidChange
Feb 25, 2025 5:18:40 PM org.eclipse.lsp4j.jsonrpc.services.GenericEndpoint notify
WARNING: Unsupported notification method: metals/windowStateDidChange
Feb 25, 2025 5:19:15 PM org.eclipse.lsp4j.jsonrpc.services.GenericEndpoint notify
WARNING: Unsupported notification method: metals/windowStateDidChange
Feb 25, 2025 5:19:16 PM org.eclipse.lsp4j.jsonrpc.services.GenericEndpoint notify
WARNING: Unsupported notification method: metals/windowStateDidChange
Feb 25, 2025 7:28:55 PM org.eclipse.lsp4j.jsonrpc.services.GenericEndpoint notify
WARNING: Unsupported notification method: metals/windowStateDidChange
Feb 25, 2025 7:29:00 PM org.eclipse.lsp4j.jsonrpc.services.GenericEndpoint notify
WARNING: Unsupported notification method: metals/windowStateDidChange
2025.02.25 19:29:04 INFO  Shutting down server
2025.02.25 19:29:04 INFO  shutting down Metals
2025.02.25 19:29:04 INFO  Exiting server
