2025.02.25 20:24:24 INFO  Started: Metals version 1.5.1 in folders 'V:\Scala Assignment 5\Assignment 15\myassignment' for client Visual Studio Code 1.97.2.
2025.02.25 20:24:39 INFO  no build target found for V:\Scala Assignment 5\Assignment 15\myassignment\build.sbt. Using presentation compiler with project's scala-library version: 3.3.4
2025.02.25 20:24:39 INFO  no build target found for V:\Scala Assignment 5\Assignment 15\myassignment\build.sbt. Using presentation compiler with project's scala-library version: 3.3.4
2025.02.25 20:24:39 INFO  no build target found for V:\Scala Assignment 5\Assignment 15\myassignment\build.sbt. Using presentation compiler with project's scala-library version: 3.3.4
2025.02.25 20:24:41 INFO  no build target found for V:\Scala Assignment 5\Assignment 15\myassignment\build.sbt. Using presentation compiler with project's scala-library version: 3.3.4
2025.02.25 20:24:41 INFO  no build target found for V:\Scala Assignment 5\Assignment 15\myassignment\build.sbt. Using presentation compiler with project's scala-library version: 3.3.4
Feb 25, 2025 8:24:41 PM org.eclipse.lsp4j.jsonrpc.services.GenericEndpoint notify
WARNING: Unsupported notification method: metals/windowStateDidChange
2025.02.25 20:24:45 INFO  time: code lens generation in 3.65s
Feb 25, 2025 8:24:54 PM org.eclipse.lsp4j.jsonrpc.services.GenericEndpoint notify
WARNING: Unsupported notification method: metals/windowStateDidChange
2025.02.25 20:24:55 INFO  no build target found for V:\Scala Assignment 5\Assignment 14\myscalaproject\build.sbt. Using presentation compiler with project's scala-library version: 3.3.4
2025.02.25 20:24:55 INFO  no build target found for V:\Scala Assignment 5\Assignment 14\myscalaproject\build.sbt. Using presentation compiler with project's scala-library version: 3.3.4
2025.02.25 20:24:58 INFO  no build target found for V:\Scala Assignment 5\Assignment 14\myscalaproject\build.sbt. Using presentation compiler with project's scala-library version: 3.3.4
2025.02.25 20:24:58 INFO  no build target found for V:\Scala Assignment 5\Assignment 14\myscalaproject\build.sbt. Using presentation compiler with project's scala-library version: 3.3.4
2025.02.25 20:24:58 INFO  no build target found for V:\Scala Assignment 5\Assignment 14\myscalaproject\build.sbt. Using presentation compiler with project's scala-library version: 3.3.4
2025.02.25 20:24:59 INFO  no build target found for V:\Scala Assignment 5\Assignment 14\myscalaproject\build.sbt. Using presentation compiler with project's scala-library version: 3.3.4
2025.02.25 20:24:59 INFO  no build target found for V:\Scala Assignment 5\Assignment 14\myscalaproject\build.sbt. Using presentation compiler with project's scala-library version: 3.3.4
2025.02.25 20:25:00 INFO  Running List(C:\Users\vipin\AppData\Local\Coursier\data\bin\scala-cli.BAT, bsp, --workspace, V:\Scala Assignment 5\Assignment 14\myscalaproject\.metals-scala-cli, --semantic-db-source-root, V:\Scala Assignment 5\Assignment 14\myscalaproject, V:\Scala Assignment 5\Assignment 14\myscalaproject\build.sbt)
2025.02.25 20:24:59 INFO  no build target found for V:\Scala Assignment 5\Assignment 14\myscalaproject\build.sbt. Using presentation compiler with project's scala-library version: 3.3.4
2025.02.25 20:25:00 INFO  Scala CLI: [error]  V:\Scala Assignment 5\Assignment 14\myscalaproject\build.sbt: unrecognized source type (expected .scala or .sc extension, or a directory).
2025.02.25 20:25:01 INFO  time: code lens generation in 1.97s
2025.02.25 20:25:02 INFO  tracing is disabled for protocol BSP, to enable tracing of incoming and outgoing JSON messages create an empty file at V:\Scala Assignment 5\Assignment 14\myscalaproject\.metals\bsp.trace.json or C:\Users\vipin\AppData\Local\scalameta\metals\cache\bsp.trace.json
2025.02.25 20:25:04 INFO  no build target found for V:\Scala Assignment 5\Assignment 14\myscalaproject\build.sbt. Using presentation compiler with project's scala-library version: 3.3.4
2025.02.25 20:26:02 ERROR Timeout waiting for 'build/initialize' response
2025.02.25 20:26:02 WARN  Retrying connection to the build server Scala CLI
2025.02.25 20:26:02 INFO  Running List(C:\Users\vipin\AppData\Local\Coursier\data\bin\scala-cli.BAT, bsp, --workspace, V:\Scala Assignment 5\Assignment 14\myscalaproject\.metals-scala-cli, --semantic-db-source-root, V:\Scala Assignment 5\Assignment 14\myscalaproject, V:\Scala Assignment 5\Assignment 14\myscalaproject\build.sbt)
2025.02.25 20:26:02 INFO  Scala CLI: [error]  V:\Scala Assignment 5\Assignment 14\myscalaproject\build.sbt: unrecognized source type (expected .scala or .sc extension, or a directory).
2025.02.25 20:26:02 INFO  tracing is disabled for protocol BSP, to enable tracing of incoming and outgoing JSON messages create an empty file at V:\Scala Assignment 5\Assignment 14\myscalaproject\.metals\bsp.trace.json or C:\Users\vipin\AppData\Local\scalameta\metals\cache\bsp.trace.json
2025.02.25 20:27:02 ERROR Timeout waiting for 'build/initialize' response
2025.02.25 20:27:02 WARN  Retrying connection to the build server Scala CLI
2025.02.25 20:27:02 INFO  Running List(C:\Users\vipin\AppData\Local\Coursier\data\bin\scala-cli.BAT, bsp, --workspace, V:\Scala Assignment 5\Assignment 14\myscalaproject\.metals-scala-cli, --semantic-db-source-root, V:\Scala Assignment 5\Assignment 14\myscalaproject, V:\Scala Assignment 5\Assignment 14\myscalaproject\build.sbt)
2025.02.25 20:27:02 INFO  Scala CLI: [error]  V:\Scala Assignment 5\Assignment 14\myscalaproject\build.sbt: unrecognized source type (expected .scala or .sc extension, or a directory).
2025.02.25 20:27:03 INFO  tracing is disabled for protocol BSP, to enable tracing of incoming and outgoing JSON messages create an empty file at V:\Scala Assignment 5\Assignment 14\myscalaproject\.metals\bsp.trace.json or C:\Users\vipin\AppData\Local\scalameta\metals\cache\bsp.trace.json
2025.02.25 20:28:03 ERROR Timeout waiting for 'build/initialize' response
2025.02.25 20:28:03 WARN  Retrying connection to the build server Scala CLI
2025.02.25 20:28:03 INFO  Running List(C:\Users\vipin\AppData\Local\Coursier\data\bin\scala-cli.BAT, bsp, --workspace, V:\Scala Assignment 5\Assignment 14\myscalaproject\.metals-scala-cli, --semantic-db-source-root, V:\Scala Assignment 5\Assignment 14\myscalaproject, V:\Scala Assignment 5\Assignment 14\myscalaproject\build.sbt)
2025.02.25 20:28:03 INFO  Scala CLI: [error]  V:\Scala Assignment 5\Assignment 14\myscalaproject\build.sbt: unrecognized source type (expected .scala or .sc extension, or a directory).
2025.02.25 20:28:03 INFO  tracing is disabled for protocol BSP, to enable tracing of incoming and outgoing JSON messages create an empty file at V:\Scala Assignment 5\Assignment 14\myscalaproject\.metals\bsp.trace.json or C:\Users\vipin\AppData\Local\scalameta\metals\cache\bsp.trace.json
2025.02.25 20:29:03 ERROR Timeout waiting for 'build/initialize' response
2025.02.25 20:29:03 WARN  Retrying connection to the build server Scala CLI
2025.02.25 20:29:03 INFO  Running List(C:\Users\vipin\AppData\Local\Coursier\data\bin\scala-cli.BAT, bsp, --workspace, V:\Scala Assignment 5\Assignment 14\myscalaproject\.metals-scala-cli, --semantic-db-source-root, V:\Scala Assignment 5\Assignment 14\myscalaproject, V:\Scala Assignment 5\Assignment 14\myscalaproject\build.sbt)
2025.02.25 20:29:03 INFO  Scala CLI: [error]  V:\Scala Assignment 5\Assignment 14\myscalaproject\build.sbt: unrecognized source type (expected .scala or .sc extension, or a directory).
2025.02.25 20:29:03 INFO  tracing is disabled for protocol BSP, to enable tracing of incoming and outgoing JSON messages create an empty file at V:\Scala Assignment 5\Assignment 14\myscalaproject\.metals\bsp.trace.json or C:\Users\vipin\AppData\Local\scalameta\metals\cache\bsp.trace.json
2025.02.25 20:30:03 ERROR Timeout waiting for 'build/initialize' response
2025.02.25 20:30:03 WARN  Retrying connection to the build server Scala CLI
2025.02.25 20:30:03 INFO  Running List(C:\Users\vipin\AppData\Local\Coursier\data\bin\scala-cli.BAT, bsp, --workspace, V:\Scala Assignment 5\Assignment 14\myscalaproject\.metals-scala-cli, --semantic-db-source-root, V:\Scala Assignment 5\Assignment 14\myscalaproject, V:\Scala Assignment 5\Assignment 14\myscalaproject\build.sbt)
2025.02.25 20:30:03 INFO  Scala CLI: [error]  V:\Scala Assignment 5\Assignment 14\myscalaproject\build.sbt: unrecognized source type (expected .scala or .sc extension, or a directory).
2025.02.25 20:30:04 INFO  tracing is disabled for protocol BSP, to enable tracing of incoming and outgoing JSON messages create an empty file at V:\Scala Assignment 5\Assignment 14\myscalaproject\.metals\bsp.trace.json or C:\Users\vipin\AppData\Local\scalameta\metals\cache\bsp.trace.json
2025.02.25 20:31:04 ERROR Timeout waiting for 'build/initialize' response
2025.02.25 20:31:04 ERROR Error starting Scala CLI
java.util.concurrent.TimeoutException
	at java.util.concurrent.CompletableFuture.timedGet(CompletableFuture.java:2004)
	at java.util.concurrent.CompletableFuture.get(CompletableFuture.java:2139)
	at scala.meta.internal.metals.BuildServerConnection$.initialize(BuildServerConnection.scala:757)
	at scala.meta.internal.metals.BuildServerConnection$.$anonfun$fromSockets$1(BuildServerConnection.scala:630)
	at scala.concurrent.impl.Promise$Transformation.run(Promise.scala:467)
	at java.util.concurrent.ThreadPoolExecutor.runWorker(ThreadPoolExecutor.java:1144)
	at java.util.concurrent.ThreadPoolExecutor$Worker.run(ThreadPoolExecutor.java:642)
	at java.lang.Thread.run(Thread.java:1575)

2025.02.25 21:22:00 INFO  Started: Metals version 1.5.1 in folders 'V:\Scala Assignment 5\Assignment 15\myassignment' for client Visual Studio Code 1.97.2.
2025.02.25 21:22:05 INFO  no build target found for V:\Scala Assignment 5\Assignment 15\myassignment\src\test\scala\ValidatevarienceSpec.scala. Using presentation compiler with project's scala-library version: 3.3.4
2025.02.25 21:22:06 INFO  no build target found for V:\Scala Assignment 5\Assignment 15\myassignment\src\test\scala\ValidatevarienceSpec.scala. Using presentation compiler with project's scala-library version: 3.3.4
2025.02.25 21:22:07 INFO  no build target found for V:\Scala Assignment 5\Assignment 15\myassignment\src\test\scala\ValidatevarienceSpec.scala. Using presentation compiler with project's scala-library version: 3.3.4
2025.02.25 21:22:07 INFO  no build target found for V:\Scala Assignment 5\Assignment 15\myassignment\src\test\scala\ValidatevarienceSpec.scala. Using presentation compiler with project's scala-library version: 3.3.4
Feb 25, 2025 9:22:07 PM org.eclipse.lsp4j.jsonrpc.RemoteEndpoint handleCancellation
WARNING: Unmatched cancel notification for request id 10
Feb 25, 2025 9:22:07 PM org.eclipse.lsp4j.jsonrpc.RemoteEndpoint handleCancellation
WARNING: Unmatched cancel notification for request id 8
Feb 25, 2025 9:22:07 PM org.eclipse.lsp4j.jsonrpc.RemoteEndpoint handleCancellation
WARNING: Unmatched cancel notification for request id 4
2025.02.25 21:22:07 INFO  no build target found for V:\Scala Assignment 5\Assignment 15\myassignment\src\test\scala\ValidatevarienceSpec.scala. Using presentation compiler with project's scala-library version: 3.3.4
Feb 25, 2025 9:22:07 PM org.eclipse.lsp4j.jsonrpc.RemoteEndpoint handleCancellation
WARNING: Unmatched cancel notification for request id 1
2025.02.25 21:22:07 INFO  no build target found for V:\Scala Assignment 5\Assignment 15\myassignment\src\test\scala\ValidatevarienceSpec.scala. Using presentation compiler with project's scala-library version: 3.3.4
2025.02.25 21:22:09 INFO  no build target found for V:\Scala Assignment 5\Assignment 15\myassignment\src\test\scala\ValidatevarienceSpec.scala. Using presentation compiler with project's scala-library version: 3.3.4
2025.02.25 21:22:09 INFO  no build target found for V:\Scala Assignment 5\Assignment 15\myassignment\src\test\scala\ValidatevarienceSpec.scala. Using presentation compiler with project's scala-library version: 3.3.4
2025.02.25 21:22:09 INFO  no build target found for V:\Scala Assignment 5\Assignment 15\myassignment\src\test\scala\ValidatevarienceSpec.scala. Using presentation compiler with project's scala-library version: 3.3.4
2025.02.25 21:22:11 WARN  no build target for: V:\Scala Assignment 5\Assignment 15\myassignment\src\test\scala\ValidatevarienceSpec.scala
2025.02.25 21:22:11 INFO  no build target found for V:\Scala Assignment 5\Assignment 15\myassignment\src\test\scala\ValidatevarienceSpec.scala. Using presentation compiler with project's scala-library version: 3.3.4
2025.02.25 21:22:11 INFO  no build target found for V:\Scala Assignment 5\Assignment 15\myassignment\src\test\scala\ValidatevarienceSpec.scala. Using presentation compiler with project's scala-library version: 3.3.4
2025.02.25 21:22:17 INFO  Shutting down server
2025.02.25 21:22:17 INFO  shutting down Metals
2025.02.25 21:22:17 INFO  Exiting server
2025.02.25 21:22:17 ERROR Unexpected error initializing server: 
org.eclipse.lsp4j.jsonrpc.ResponseErrorException: Request window/showMessageRequest failed with message: Canceled
	at org.eclipse.lsp4j.jsonrpc.RemoteEndpoint.handleResponse(RemoteEndpoint.java:220)
	at org.eclipse.lsp4j.jsonrpc.RemoteEndpoint.consume(RemoteEndpoint.java:204)
	at org.eclipse.lsp4j.jsonrpc.json.StreamMessageProducer.handleMessage(StreamMessageProducer.java:185)
	at org.eclipse.lsp4j.jsonrpc.json.StreamMessageProducer.listen(StreamMessageProducer.java:97)
	at org.eclipse.lsp4j.jsonrpc.json.ConcurrentMessageProcessor.run(ConcurrentMessageProcessor.java:114)
	at java.util.concurrent.Executors$RunnableAdapter.call(Executors.java:572)
	at java.util.concurrent.FutureTask.run(FutureTask.java:317)
	at java.util.concurrent.ThreadPoolExecutor.runWorker(ThreadPoolExecutor.java:1144)
	at java.util.concurrent.ThreadPoolExecutor$Worker.run(ThreadPoolExecutor.java:642)
	at java.lang.Thread.run(Thread.java:1575)

